<?xml version="1.0" encoding="UTF-8"?>
<!-- Generated by org.testng.reporters.JUnitXMLReporter -->
<testsuite ignored="0" hostname="DESKTOP-1RLTEAV" failures="0" tests="0" name="Surefire test" time="0.058" errors="0" timestamp="2026-04-04T09:55:09 IST">
  <testcase classname="io.cucumber.testng.AbstractTestNGCucumberTests" name="@BeforeClass setUpClass" time="0.035">
    <failure type="java.lang.IllegalArgumentException" message="Invalid tag expression at &amp;apos;testRunner.AppTest&amp;apos;">
      <![CDATA[java.lang.IllegalArgumentException: Invalid tag expression at 'testRunner.AppTest'
at io.cucumber.core.options.CucumberOptionsAnnotationParser.addTags(CucumberOptionsAnnotationParser.java:77)
at io.cucumber.core.options.CucumberOptionsAnnotationParser.parse(CucumberOptionsAnnotationParser.java:38)
at io.cucumber.testng.TestNGCucumberRunner.<init>(TestNGCucumberRunner.java:85)
at io.cucumber.testng.AbstractTestNGCucumberTests.setUpClass(AbstractTestNGCucumberTests.java:27)
at java.base/java.util.ArrayList.forEach(ArrayList.java:1596)
Caused by: io.cucumber.tagexpressions.TagExpressionException: Tag expression " not @Suppliers  @Customer" could not be parsed because of syntax error: Expected operator.
at io.cucumber.tagexpressions.TagExpressionParser.check(TagExpressionParser.java:127)
at io.cucumber.tagexpressions.TagExpressionParser.parse(TagExpressionParser.java:76)
at io.cucumber.tagexpressions.TagExpressionParser.parse(TagExpressionParser.java:29)
at io.cucumber.core.options.CucumberOptionsAnnotationParser.addTags(CucumberOptionsAnnotationParser.java:75)
... 32 more
... Removed 28 stack frames]]>
    </failure>
  </testcase> <!-- @BeforeClass setUpClass -->
</testsuite> <!-- Surefire test -->
